<?xml version="1.0" encoding="UTF-8"?>
<!-- Generated by org.testng.reporters.JUnitXMLReporter -->
<testsuite ignored="0" hostname="LAPTOP-5FNDLE98" failures="0" tests="9" name="Default test" time="65.406" errors="0" timestamp="2021-09-29T09:33:29 IST">
  <testcase classname="com.selenium.Test.testCases" name="popup" time="10.563"/>
  <testcase classname="com.selenium.Test.testCases" name="bookshelves" time="1.969"/>
  <testcase classname="com.selenium.Test.testCases" name="storage" time="0.794"/>
  <testcase classname="com.selenium.Test.testCases" name="slider" time="7.705"/>
  <testcase classname="com.selenium.Test.testCases" name="checkbox" time="2.586"/>
  <testcase classname="com.selenium.Test.testCases" name="printItems" time="1.038"/>
  <testcase classname="com.selenium.Test.testCases" name="collections" time="1.223"/>
  <testcase classname="com.selenium.Test.testCases" name="printSubmenu" time="0.328"/>
  <testcase classname="com.selenium.Test.testCases" name="giftCard" time="39.141"/>
</testsuite> <!-- Default test -->
