<?xml version="1.0" encoding="UTF-8"?>
<testng-results ignored="0" total="9" passed="9" failed="0" skipped="0">
  <reporter-output>
  </reporter-output>
  <suite started-at="2021-09-29T09:32:23 IST" name="Default suite" finished-at="2021-09-29T09:33:29 IST" duration-ms="65406">
    <groups>
    </groups>
    <test started-at="2021-09-29T09:32:23 IST" name="Default test" finished-at="2021-09-29T09:33:29 IST" duration-ms="65406">
      <class name="com.selenium.Test.testCases">
        <test-method is-config="true" signature="setup()[pri:0, instance:com.selenium.Test.testCases@a1f72f5]" started-at="2021-09-29T09:32:17 IST" name="setup" finished-at="2021-09-29T09:32:23 IST" duration-ms="6496" status="PASS">
          <reporter-output>
          </reporter-output>
        </test-method> <!-- setup -->
        <test-method signature="popup()[pri:0, instance:com.selenium.Test.testCases@a1f72f5]" started-at="2021-09-29T09:32:23 IST" name="popup" finished-at="2021-09-29T09:32:34 IST" duration-ms="10563" status="PASS">
          <reporter-output>
          </reporter-output>
        </test-method> <!-- popup -->
        <test-method signature="bookshelves()[pri:1, instance:com.selenium.Test.testCases@a1f72f5]" started-at="2021-09-29T09:32:34 IST" name="bookshelves" finished-at="2021-09-29T09:32:36 IST" duration-ms="1969" status="PASS">
          <reporter-output>
          </reporter-output>
        </test-method> <!-- bookshelves -->
        <test-method signature="storage()[pri:2, instance:com.selenium.Test.testCases@a1f72f5]" started-at="2021-09-29T09:32:36 IST" name="storage" finished-at="2021-09-29T09:32:37 IST" duration-ms="794" status="PASS">
          <reporter-output>
          </reporter-output>
        </test-method> <!-- storage -->
        <test-method signature="slider()[pri:3, instance:com.selenium.Test.testCases@a1f72f5]" started-at="2021-09-29T09:32:37 IST" name="slider" finished-at="2021-09-29T09:32:44 IST" duration-ms="7705" status="PASS">
          <reporter-output>
          </reporter-output>
        </test-method> <!-- slider -->
        <test-method signature="checkbox()[pri:4, instance:com.selenium.Test.testCases@a1f72f5]" started-at="2021-09-29T09:32:44 IST" name="checkbox" finished-at="2021-09-29T09:32:47 IST" duration-ms="2586" status="PASS">
          <reporter-output>
          </reporter-output>
        </test-method> <!-- checkbox -->
        <test-method signature="printItems()[pri:5, instance:com.selenium.Test.testCases@a1f72f5]" started-at="2021-09-29T09:32:47 IST" name="printItems" finished-at="2021-09-29T09:32:48 IST" duration-ms="1038" status="PASS">
          <reporter-output>
          </reporter-output>
        </test-method> <!-- printItems -->
        <test-method signature="collections()[pri:6, instance:com.selenium.Test.testCases@a1f72f5]" started-at="2021-09-29T09:32:48 IST" name="collections" finished-at="2021-09-29T09:32:49 IST" duration-ms="1223" status="PASS">
          <reporter-output>
          </reporter-output>
        </test-method> <!-- collections -->
        <test-method signature="printSubmenu()[pri:7, instance:com.selenium.Test.testCases@a1f72f5]" started-at="2021-09-29T09:32:49 IST" name="printSubmenu" finished-at="2021-09-29T09:32:50 IST" duration-ms="328" status="PASS">
          <reporter-output>
          </reporter-output>
        </test-method> <!-- printSubmenu -->
        <test-method signature="giftCard()[pri:8, instance:com.selenium.Test.testCases@a1f72f5]" started-at="2021-09-29T09:32:50 IST" name="giftCard" finished-at="2021-09-29T09:33:29 IST" duration-ms="39141" status="PASS">
          <reporter-output>
          </reporter-output>
        </test-method> <!-- giftCard -->
        <test-method is-config="true" signature="closeBrowser()[pri:0, instance:com.selenium.Test.testCases@a1f72f5]" started-at="2021-09-29T09:33:29 IST" name="closeBrowser" finished-at="2021-09-29T09:33:29 IST" duration-ms="618" status="PASS">
          <reporter-output>
          </reporter-output>
        </test-method> <!-- closeBrowser -->
      </class> <!-- com.selenium.Test.testCases -->
    </test> <!-- Default test -->
  </suite> <!-- Default suite -->
</testng-results>
